<?xml version="1.0" encoding="UTF-8"?>
<testng-results skipped="0" failed="0" ignored="0" total="1" passed="1">
  <reporter-output>
  </reporter-output>
  <suite name="Default suite" duration-ms="55" started-at="2022-03-14T10:43:23Z" finished-at="2022-03-14T10:43:23Z">
    <groups>
    </groups>
    <test name="Default test" duration-ms="55" started-at="2022-03-14T10:43:23Z" finished-at="2022-03-14T10:43:23Z">
      <class name="cretaeContactTest.ReadDataTest">
        <test-method status="PASS" signature="paraTest()[pri:0, instance:cretaeContactTest.ReadDataTest@5034c75a]" name="paraTest" duration-ms="13" started-at="2022-03-14T10:43:23Z" finished-at="2022-03-14T10:43:23Z">
          <reporter-output>
          </reporter-output>
        </test-method> <!-- paraTest -->
      </class> <!-- cretaeContactTest.ReadDataTest -->
    </test> <!-- Default test -->
  </suite> <!-- Default suite -->
</testng-results>
